[ 1221326ms] SyntaxError: Failed to execute 'querySelector' on 'Document': '#form-section-urn:sempkm:model:basic-pkm:seed-note-architecture' is not a valid selector.
    at o (https://unpkg.com/split.js@1.6.5/dist/split.min.js:2:595)
    at https://unpkg.com/split.js@1.6.5/dist/split.min.js:2:1219
    at initVerticalSplit (<anonymous>:103:29)
    at window.<computed> (<anonymous>:153:7)
    at toggleObjectMode (http://localhost:3000/js/workspace.js:607:41)
    at HTMLButtonElement.onclick (http://localhost:3000/browser/:1:1)
[ 1222784ms] [WARNING] Measure loop restarted more than 5 times @ https://esm.sh/@codemirror/view@6.39.15/es2022/view.mjs:4
[ 1222862ms] [WARNING] Measure loop restarted more than 5 times @ https://esm.sh/@codemirror/view@6.39.15/es2022/view.mjs:4
[ 1222878ms] [WARNING] Measure loop restarted more than 5 times @ https://esm.sh/@codemirror/view@6.39.15/es2022/view.mjs:4
[ 1222928ms] [WARNING] Measure loop restarted more than 5 times @ https://esm.sh/@codemirror/view@6.39.15/es2022/view.mjs:4
[ 1229160ms] TypeError: e.target.closest is not a function
    at HTMLDocument.<anonymous> (<anonymous>:65:25)
[ 1229184ms] TypeError: e.target.closest is not a function
    at HTMLDocument.<anonymous> (<anonymous>:28:25)
[ 1239439ms] [WARNING] Measure loop restarted more than 5 times @ https://esm.sh/@codemirror/view@6.39.15/es2022/view.mjs:4
[ 1240775ms] TypeError: e.target.closest is not a function
    at HTMLDocument.<anonymous> (<anonymous>:65:25)
[ 1240779ms] TypeError: e.target.closest is not a function
    at HTMLDocument.<anonymous> (<anonymous>:28:25)
[ 1240830ms] TypeError: e.target.closest is not a function
    at HTMLDocument.<anonymous> (<anonymous>:65:25)
[ 1325005ms] TypeError: e.target.closest is not a function
    at HTMLDocument.<anonymous> (<anonymous>:28:25)
[ 1325072ms] TypeError: e.target.closest is not a function
    at HTMLDocument.<anonymous> (<anonymous>:65:25)
[ 1325424ms] TypeError: e.target.closest is not a function
    at HTMLDocument.<anonymous> (<anonymous>:28:25)
[ 1326564ms] [WARNING] Measure loop restarted more than 5 times @ https://esm.sh/@codemirror/view@6.39.15/es2022/view.mjs:4
[ 1354986ms] TypeError: e.target.closest is not a function
    at HTMLDocument.<anonymous> (<anonymous>:65:25)
[ 1359195ms] TypeError: e.target.closest is not a function
    at HTMLDocument.<anonymous> (<anonymous>:28:25)
[ 1372411ms] TypeError: e.target.closest is not a function
    at HTMLDocument.<anonymous> (<anonymous>:65:25)
